[13:52:45][INFO ](ContextLoader.java:285)-Root WebApplicationContext: initialization started
[13:52:46][INFO ](AbstractApplicationContext.java:510)-Refreshing Root WebApplicationContext: startup date [Wed Mar 23 13:52:46 KST 2022]; root of context hierarchy
[13:52:46][INFO ](XmlBeanDefinitionReader.java:317)-Loading XML bean definitions from ServletContext resource [/WEB-INF/spring/mybatis-context.xml]
[13:52:46][INFO ](PropertiesLoaderSupport.java:172)-Loading properties file from ServletContext resource [/WEB-INF/config/jdbc/jdbc.properties]
[13:52:46][DEBUG](UiApplicationContextUtils.java:85)-Unable to locate ThemeSource with name 'themeSource': using default [org.springframework.ui.context.support.ResourceBundleThemeSource@57f9f387]
[13:52:46][DEBUG](Slf4jImpl.java:43)-Logging initialized using 'org.apache.ibatis.logging.slf4j.Slf4jImpl' adapter.
[13:52:46][DEBUG](Slf4jImpl.java:43)-PooledDataSource forcefully closed/removed all connections.
[13:52:46][DEBUG](Slf4jImpl.java:43)-PooledDataSource forcefully closed/removed all connections.
[13:52:46][DEBUG](Slf4jImpl.java:43)-PooledDataSource forcefully closed/removed all connections.
[13:52:46][DEBUG](Slf4jImpl.java:43)-PooledDataSource forcefully closed/removed all connections.
[13:52:47][DEBUG](Slf4jImpl.java:43)-Parsed configuration file: 'class path resource [mybatis/models/modelConfig.xml]'
[13:52:48][DEBUG](Slf4jImpl.java:43)-Parsed mapper file: 'file [C:\Users\hoya9\eclipse-workspace\.metadata\.plugins\org.eclipse.wst.server.core\tmp0\wtpwebapps\bookShop01\WEB-INF\classes\mybatis\mappers\admin_goods.xml]'
[13:52:48][DEBUG](Slf4jImpl.java:43)-Parsed mapper file: 'file [C:\Users\hoya9\eclipse-workspace\.metadata\.plugins\org.eclipse.wst.server.core\tmp0\wtpwebapps\bookShop01\WEB-INF\classes\mybatis\mappers\admin_member.xml]'
[13:52:48][DEBUG](Slf4jImpl.java:43)-Parsed mapper file: 'file [C:\Users\hoya9\eclipse-workspace\.metadata\.plugins\org.eclipse.wst.server.core\tmp0\wtpwebapps\bookShop01\WEB-INF\classes\mybatis\mappers\admin_order.xml]'
[13:52:48][DEBUG](Slf4jImpl.java:43)-Parsed mapper file: 'file [C:\Users\hoya9\eclipse-workspace\.metadata\.plugins\org.eclipse.wst.server.core\tmp0\wtpwebapps\bookShop01\WEB-INF\classes\mybatis\mappers\cart.xml]'
[13:52:48][DEBUG](Slf4jImpl.java:43)-Parsed mapper file: 'file [C:\Users\hoya9\eclipse-workspace\.metadata\.plugins\org.eclipse.wst.server.core\tmp0\wtpwebapps\bookShop01\WEB-INF\classes\mybatis\mappers\goods.xml]'
[13:52:48][DEBUG](Slf4jImpl.java:43)-Parsed mapper file: 'file [C:\Users\hoya9\eclipse-workspace\.metadata\.plugins\org.eclipse.wst.server.core\tmp0\wtpwebapps\bookShop01\WEB-INF\classes\mybatis\mappers\member.xml]'
[13:52:48][DEBUG](Slf4jImpl.java:43)-Parsed mapper file: 'file [C:\Users\hoya9\eclipse-workspace\.metadata\.plugins\org.eclipse.wst.server.core\tmp0\wtpwebapps\bookShop01\WEB-INF\classes\mybatis\mappers\mypage.xml]'
[13:52:48][DEBUG](Slf4jImpl.java:43)-Parsed mapper file: 'file [C:\Users\hoya9\eclipse-workspace\.metadata\.plugins\org.eclipse.wst.server.core\tmp0\wtpwebapps\bookShop01\WEB-INF\classes\mybatis\mappers\order.xml]'
[13:52:48][DEBUG](JndiTemplate.java:150)-Looking up JNDI object with name [java:comp/env/spring.liveBeansView.mbeanDomain]
[13:52:48][DEBUG](JndiLocatorSupport.java:101)-Converted JNDI name [java:comp/env/spring.liveBeansView.mbeanDomain] not found - trying original name [spring.liveBeansView.mbeanDomain]. javax.naming.NameNotFoundException: Name [spring.liveBeansView.mbeanDomain]은(는) 이 컨텍스트에 바인딩되지 않았습니다. [spring.liveBeansView.mbeanDomain]을(를) 찾을 수 없습니다.
[13:52:48][DEBUG](JndiTemplate.java:150)-Looking up JNDI object with name [spring.liveBeansView.mbeanDomain]
[13:52:48][DEBUG](JndiPropertySource.java:90)-JNDI lookup for name [spring.liveBeansView.mbeanDomain] threw NamingException with message: Name [spring.liveBeansView.mbeanDomain]은(는) 이 컨텍스트에 바인딩되지 않았습니다. [spring.liveBeansView.mbeanDomain]을(를) 찾을 수 없습니다.. Returning null.
[13:52:48][INFO ](ContextLoader.java:325)-Root WebApplicationContext: initialization completed in 2351 ms
[13:52:48][INFO ](FrameworkServlet.java:484)-FrameworkServlet 'appServlet': initialization started
[13:52:48][DEBUG](JndiTemplate.java:150)-Looking up JNDI object with name [java:comp/env/spring.profiles.active]
[13:52:48][DEBUG](JndiLocatorSupport.java:101)-Converted JNDI name [java:comp/env/spring.profiles.active] not found - trying original name [spring.profiles.active]. javax.naming.NameNotFoundException: Name [spring.profiles.active]은(는) 이 컨텍스트에 바인딩되지 않았습니다. [spring.profiles.active]을(를) 찾을 수 없습니다.
[13:52:48][DEBUG](JndiTemplate.java:150)-Looking up JNDI object with name [spring.profiles.active]
[13:52:48][DEBUG](JndiPropertySource.java:90)-JNDI lookup for name [spring.profiles.active] threw NamingException with message: Name [spring.profiles.active]은(는) 이 컨텍스트에 바인딩되지 않았습니다. [spring.profiles.active]을(를) 찾을 수 없습니다.. Returning null.
[13:52:48][DEBUG](JndiTemplate.java:150)-Looking up JNDI object with name [java:comp/env/spring.profiles.default]
[13:52:48][DEBUG](JndiLocatorSupport.java:101)-Converted JNDI name [java:comp/env/spring.profiles.default] not found - trying original name [spring.profiles.default]. javax.naming.NameNotFoundException: Name [spring.profiles.default]은(는) 이 컨텍스트에 바인딩되지 않았습니다. [spring.profiles.default]을(를) 찾을 수 없습니다.
[13:52:48][DEBUG](JndiTemplate.java:150)-Looking up JNDI object with name [spring.profiles.default]
[13:52:48][DEBUG](JndiPropertySource.java:90)-JNDI lookup for name [spring.profiles.default] threw NamingException with message: Name [spring.profiles.default]은(는) 이 컨텍스트에 바인딩되지 않았습니다. [spring.profiles.default]을(를) 찾을 수 없습니다.. Returning null.
[13:52:48][DEBUG](JndiTemplate.java:150)-Looking up JNDI object with name [java:comp/env/spring.profiles.default]
[13:52:48][DEBUG](JndiLocatorSupport.java:101)-Converted JNDI name [java:comp/env/spring.profiles.default] not found - trying original name [spring.profiles.default]. javax.naming.NameNotFoundException: Name [spring.profiles.default]은(는) 이 컨텍스트에 바인딩되지 않았습니다. [spring.profiles.default]을(를) 찾을 수 없습니다.
[13:52:48][DEBUG](JndiTemplate.java:150)-Looking up JNDI object with name [spring.profiles.default]
[13:52:48][DEBUG](JndiPropertySource.java:90)-JNDI lookup for name [spring.profiles.default] threw NamingException with message: Name [spring.profiles.default]은(는) 이 컨텍스트에 바인딩되지 않았습니다. [spring.profiles.default]을(를) 찾을 수 없습니다.. Returning null.
[13:52:48][INFO ](AbstractApplicationContext.java:510)-Refreshing WebApplicationContext for namespace 'appServlet-servlet': startup date [Wed Mar 23 13:52:48 KST 2022]; parent: Root WebApplicationContext
[13:52:48][INFO ](XmlBeanDefinitionReader.java:317)-Loading XML bean definitions from ServletContext resource [/WEB-INF/spring/appServlet/servlet-context.xml]
[13:52:48][INFO ](AutowiredAnnotationBeanPostProcessor.java:153)-JSR-330 'javax.inject.Inject' annotation found and supported for autowiring
[13:52:48][DEBUG](UiApplicationContextUtils.java:85)-Unable to locate ThemeSource with name 'themeSource': using default [org.springframework.ui.context.support.DelegatingThemeSource@569d7074]
[13:52:49][DEBUG](ReflectiveAspectJAdvisorFactory.java:221)-Found AspectJ method: public java.lang.Object com.bookshop01.common.log.LoggingAdvice.timeLog(org.aspectj.lang.ProceedingJoinPoint) throws java.lang.Throwable
[13:52:49][DEBUG](ReflectiveAspectJAdvisorFactory.java:221)-Found AspectJ method: public void com.bookshop01.common.log.LoggingAdvice.startLog(org.aspectj.lang.JoinPoint)
[13:52:49][DEBUG](ReflectiveAspectJAdvisorFactory.java:221)-Found AspectJ method: public void com.bookshop01.common.log.LoggingAdvice.after(org.aspectj.lang.JoinPoint)
[13:52:49][INFO ](AbstractHandlerMethodMapping.java:220)-Mapped "{[/admin/goods/modifyGoodsImageInfo.do],methods=[POST],params=[],headers=[],consumes=[],produces=[],custom=[]}" onto public void com.bookshop01.admin.goods.controller.AdminGoodsControllerImpl.modifyGoodsImageInfo(org.springframework.web.multipart.MultipartHttpServletRequest,javax.servlet.http.HttpServletResponse) throws java.lang.Exception
[13:52:49][INFO ](AbstractHandlerMethodMapping.java:220)-Mapped "{[/admin/goods/adminGoodsMain.do],methods=[POST || GET],params=[],headers=[],consumes=[],produces=[],custom=[]}" onto public org.springframework.web.servlet.ModelAndView com.bookshop01.admin.goods.controller.AdminGoodsControllerImpl.adminGoodsMain(java.util.Map<java.lang.String, java.lang.String>,javax.servlet.http.HttpServletRequest,javax.servlet.http.HttpServletResponse) throws java.lang.Exception
[13:52:49][INFO ](AbstractHandlerMethodMapping.java:220)-Mapped "{[/admin/goods/removeGoodsImage.do],methods=[POST],params=[],headers=[],consumes=[],produces=[],custom=[]}" onto public void com.bookshop01.admin.goods.controller.AdminGoodsControllerImpl.removeGoodsImage(int,int,java.lang.String,javax.servlet.http.HttpServletRequest,javax.servlet.http.HttpServletResponse) throws java.lang.Exception
[13:52:49][INFO ](AbstractHandlerMethodMapping.java:220)-Mapped "{[/admin/goods/addNewGoodsImage.do],methods=[POST],params=[],headers=[],consumes=[],produces=[],custom=[]}" onto public void com.bookshop01.admin.goods.controller.AdminGoodsControllerImpl.addNewGoodsImage(org.springframework.web.multipart.MultipartHttpServletRequest,javax.servlet.http.HttpServletResponse) throws java.lang.Exception
[13:52:49][INFO ](AbstractHandlerMethodMapping.java:220)-Mapped "{[/admin/goods/modifyGoodsInfo.do],methods=[POST],params=[],headers=[],consumes=[],produces=[],custom=[]}" onto public org.springframework.http.ResponseEntity com.bookshop01.admin.goods.controller.AdminGoodsControllerImpl.modifyGoodsInfo(java.lang.String,java.lang.String,java.lang.String,javax.servlet.http.HttpServletRequest,javax.servlet.http.HttpServletResponse) throws java.lang.Exception
[13:52:49][INFO ](AbstractHandlerMethodMapping.java:220)-Mapped "{[/admin/goods/modifyGoodsForm.do],methods=[GET || POST],params=[],headers=[],consumes=[],produces=[],custom=[]}" onto public org.springframework.web.servlet.ModelAndView com.bookshop01.admin.goods.controller.AdminGoodsControllerImpl.modifyGoodsForm(int,javax.servlet.http.HttpServletRequest,javax.servlet.http.HttpServletResponse) throws java.lang.Exception
[13:52:49][INFO ](AbstractHandlerMethodMapping.java:220)-Mapped "{[/admin/goods/addNewGoods.do],methods=[POST],params=[],headers=[],consumes=[],produces=[],custom=[]}" onto public org.springframework.http.ResponseEntity com.bookshop01.admin.goods.controller.AdminGoodsControllerImpl.addNewGoods(org.springframework.web.multipart.MultipartHttpServletRequest,javax.servlet.http.HttpServletResponse) throws java.lang.Exception
[13:52:49][INFO ](AbstractHandlerMethodMapping.java:220)-Mapped "{[/admin/goods/*.do],methods=[POST || GET],params=[],headers=[],consumes=[],produces=[],custom=[]}" onto protected org.springframework.web.servlet.ModelAndView com.bookshop01.common.base.BaseController.viewForm(javax.servlet.http.HttpServletRequest,javax.servlet.http.HttpServletResponse) throws java.lang.Exception
[13:52:49][INFO ](AbstractHandlerMethodMapping.java:220)-Mapped "{[/admin/member/adminMemberMain.do],methods=[POST || GET],params=[],headers=[],consumes=[],produces=[],custom=[]}" onto public org.springframework.web.servlet.ModelAndView com.bookshop01.admin.member.controller.AdminMemberControllerImpl.adminGoodsMain(java.util.Map<java.lang.String, java.lang.String>,javax.servlet.http.HttpServletRequest,javax.servlet.http.HttpServletResponse) throws java.lang.Exception
[13:52:49][INFO ](AbstractHandlerMethodMapping.java:220)-Mapped "{[/admin/member/memberDetail.do],methods=[POST || GET],params=[],headers=[],consumes=[],produces=[],custom=[]}" onto public org.springframework.web.servlet.ModelAndView com.bookshop01.admin.member.controller.AdminMemberControllerImpl.memberDetail(javax.servlet.http.HttpServletRequest,javax.servlet.http.HttpServletResponse) throws java.lang.Exception
[13:52:49][INFO ](AbstractHandlerMethodMapping.java:220)-Mapped "{[/admin/member/deleteMember.do],methods=[POST],params=[],headers=[],consumes=[],produces=[],custom=[]}" onto public org.springframework.web.servlet.ModelAndView com.bookshop01.admin.member.controller.AdminMemberControllerImpl.deleteMember(javax.servlet.http.HttpServletRequest,javax.servlet.http.HttpServletResponse) throws java.lang.Exception
[13:52:49][INFO ](AbstractHandlerMethodMapping.java:220)-Mapped "{[/admin/member/modifyMemberInfo.do],methods=[POST || GET],params=[],headers=[],consumes=[],produces=[],custom=[]}" onto public void com.bookshop01.admin.member.controller.AdminMemberControllerImpl.modifyMemberInfo(javax.servlet.http.HttpServletRequest,javax.servlet.http.HttpServletResponse) throws java.lang.Exception
[13:52:49][INFO ](AbstractHandlerMethodMapping.java:220)-Mapped "{[/admin/member/*.do],methods=[POST || GET],params=[],headers=[],consumes=[],produces=[],custom=[]}" onto protected org.springframework.web.servlet.ModelAndView com.bookshop01.common.base.BaseController.viewForm(javax.servlet.http.HttpServletRequest,javax.servlet.http.HttpServletResponse) throws java.lang.Exception
[13:52:49][INFO ](AbstractHandlerMethodMapping.java:220)-Mapped "{[/admin/order/modifyDeliveryState.do],methods=[POST],params=[],headers=[],consumes=[],produces=[],custom=[]}" onto public org.springframework.http.ResponseEntity com.bookshop01.admin.order.controller.AdminOrderControllerImpl.modifyDeliveryState(java.util.Map<java.lang.String, java.lang.String>,javax.servlet.http.HttpServletRequest,javax.servlet.http.HttpServletResponse) throws java.lang.Exception
[13:52:49][INFO ](AbstractHandlerMethodMapping.java:220)-Mapped "{[/admin/order/orderDetail.do],methods=[GET || POST],params=[],headers=[],consumes=[],produces=[],custom=[]}" onto public org.springframework.web.servlet.ModelAndView com.bookshop01.admin.order.controller.AdminOrderControllerImpl.orderDetail(int,javax.servlet.http.HttpServletRequest,javax.servlet.http.HttpServletResponse) throws java.lang.Exception
[13:52:49][INFO ](AbstractHandlerMethodMapping.java:220)-Mapped "{[/admin/order/adminOrderMain.do],methods=[GET || POST],params=[],headers=[],consumes=[],produces=[],custom=[]}" onto public org.springframework.web.servlet.ModelAndView com.bookshop01.admin.order.controller.AdminOrderControllerImpl.adminOrderMain(java.util.Map<java.lang.String, java.lang.String>,javax.servlet.http.HttpServletRequest,javax.servlet.http.HttpServletResponse) throws java.lang.Exception
[13:52:49][INFO ](AbstractHandlerMethodMapping.java:220)-Mapped "{[/admin/order/*.do],methods=[POST || GET],params=[],headers=[],consumes=[],produces=[],custom=[]}" onto protected org.springframework.web.servlet.ModelAndView com.bookshop01.common.base.BaseController.viewForm(javax.servlet.http.HttpServletRequest,javax.servlet.http.HttpServletResponse) throws java.lang.Exception
[13:52:49][INFO ](AbstractHandlerMethodMapping.java:220)-Mapped "{[/cart/removeCartGoods.do],methods=[POST],params=[],headers=[],consumes=[],produces=[],custom=[]}" onto public org.springframework.web.servlet.ModelAndView com.bookshop01.cart.controller.CartControllerImpl.removeCartGoods(int,javax.servlet.http.HttpServletRequest,javax.servlet.http.HttpServletResponse) throws java.lang.Exception
[13:52:49][INFO ](AbstractHandlerMethodMapping.java:220)-Mapped "{[/cart/addGoodsInCart.do],methods=[POST],params=[],headers=[],consumes=[],produces=[application/text;charset=utf8],custom=[]}" onto public java.lang.String com.bookshop01.cart.controller.CartControllerImpl.addGoodsInCart(int,javax.servlet.http.HttpServletRequest,javax.servlet.http.HttpServletResponse) throws java.lang.Exception
[13:52:49][INFO ](AbstractHandlerMethodMapping.java:220)-Mapped "{[/cart/myCartList.do],methods=[GET],params=[],headers=[],consumes=[],produces=[],custom=[]}" onto public org.springframework.web.servlet.ModelAndView com.bookshop01.cart.controller.CartControllerImpl.myCartMain(javax.servlet.http.HttpServletRequest,javax.servlet.http.HttpServletResponse) throws java.lang.Exception
[13:52:49][INFO ](AbstractHandlerMethodMapping.java:220)-Mapped "{[/cart/modifyCartQty.do],methods=[POST],params=[],headers=[],consumes=[],produces=[],custom=[]}" onto public java.lang.String com.bookshop01.cart.controller.CartControllerImpl.modifyCartQty(int,int,javax.servlet.http.HttpServletRequest,javax.servlet.http.HttpServletResponse) throws java.lang.Exception
[13:52:49][INFO ](AbstractHandlerMethodMapping.java:220)-Mapped "{[/cart/*.do],methods=[POST || GET],params=[],headers=[],consumes=[],produces=[],custom=[]}" onto protected org.springframework.web.servlet.ModelAndView com.bookshop01.common.base.BaseController.viewForm(javax.servlet.http.HttpServletRequest,javax.servlet.http.HttpServletResponse) throws java.lang.Exception
[13:52:49][INFO ](AbstractHandlerMethodMapping.java:220)-Mapped "{[/download],methods=[],params=[],headers=[],consumes=[],produces=[],custom=[]}" onto protected void com.bookshop01.common.file.FileDownloadController.download(java.lang.String,java.lang.String,javax.servlet.http.HttpServletResponse) throws java.lang.Exception
[13:52:49][INFO ](AbstractHandlerMethodMapping.java:220)-Mapped "{[/thumbnails.do],methods=[],params=[],headers=[],consumes=[],produces=[],custom=[]}" onto protected void com.bookshop01.common.file.FileDownloadController.thumbnails(java.lang.String,java.lang.String,javax.servlet.http.HttpServletResponse) throws java.lang.Exception
[13:52:49][INFO ](AbstractHandlerMethodMapping.java:220)-Mapped "{[/goods/goodsDetail.do],methods=[GET],params=[],headers=[],consumes=[],produces=[],custom=[]}" onto public org.springframework.web.servlet.ModelAndView com.bookshop01.goods.controller.GoodsControllerImpl.goodsDetail(java.lang.String,javax.servlet.http.HttpServletRequest,javax.servlet.http.HttpServletResponse) throws java.lang.Exception
[13:52:49][INFO ](AbstractHandlerMethodMapping.java:220)-Mapped "{[/goods/keywordSearch.do],methods=[GET],params=[],headers=[],consumes=[],produces=[application/text;charset=utf8],custom=[]}" onto public java.lang.String com.bookshop01.goods.controller.GoodsControllerImpl.keywordSearch(java.lang.String,javax.servlet.http.HttpServletRequest,javax.servlet.http.HttpServletResponse) throws java.lang.Exception
[13:52:49][INFO ](AbstractHandlerMethodMapping.java:220)-Mapped "{[/goods/searchGoods.do],methods=[GET],params=[],headers=[],consumes=[],produces=[],custom=[]}" onto public org.springframework.web.servlet.ModelAndView com.bookshop01.goods.controller.GoodsControllerImpl.searchGoods(java.lang.String,javax.servlet.http.HttpServletRequest,javax.servlet.http.HttpServletResponse) throws java.lang.Exception
[13:52:49][INFO ](AbstractHandlerMethodMapping.java:220)-Mapped "{[/goods/*.do],methods=[POST || GET],params=[],headers=[],consumes=[],produces=[],custom=[]}" onto protected org.springframework.web.servlet.ModelAndView com.bookshop01.common.base.BaseController.viewForm(javax.servlet.http.HttpServletRequest,javax.servlet.http.HttpServletResponse) throws java.lang.Exception
[13:52:49][INFO ](AbstractHandlerMethodMapping.java:220)-Mapped "{[/main/main.do],methods=[POST || GET],params=[],headers=[],consumes=[],produces=[],custom=[]}" onto public org.springframework.web.servlet.ModelAndView com.bookshop01.main.MainController.main(javax.servlet.http.HttpServletRequest,javax.servlet.http.HttpServletResponse) throws java.lang.Exception
[13:52:49][INFO ](AbstractHandlerMethodMapping.java:220)-Mapped "{[/*.do],methods=[POST || GET],params=[],headers=[],consumes=[],produces=[],custom=[]}" onto protected org.springframework.web.servlet.ModelAndView com.bookshop01.common.base.BaseController.viewForm(javax.servlet.http.HttpServletRequest,javax.servlet.http.HttpServletResponse) throws java.lang.Exception
[13:52:49][INFO ](AbstractHandlerMethodMapping.java:220)-Mapped "{[/member/login.do],methods=[POST],params=[],headers=[],consumes=[],produces=[],custom=[]}" onto public org.springframework.web.servlet.ModelAndView com.bookshop01.member.controller.MemberControllerImpl.login(java.util.Map<java.lang.String, java.lang.String>,javax.servlet.http.HttpServletRequest,javax.servlet.http.HttpServletResponse) throws java.lang.Exception
[13:52:49][INFO ](AbstractHandlerMethodMapping.java:220)-Mapped "{[/member/logout.do],methods=[GET],params=[],headers=[],consumes=[],produces=[],custom=[]}" onto public org.springframework.web.servlet.ModelAndView com.bookshop01.member.controller.MemberControllerImpl.logout(javax.servlet.http.HttpServletRequest,javax.servlet.http.HttpServletResponse) throws java.lang.Exception
[13:52:49][INFO ](AbstractHandlerMethodMapping.java:220)-Mapped "{[/member/addMember.do],methods=[POST],params=[],headers=[],consumes=[],produces=[],custom=[]}" onto public org.springframework.http.ResponseEntity com.bookshop01.member.controller.MemberControllerImpl.addMember(com.bookshop01.member.vo.MemberVO,javax.servlet.http.HttpServletRequest,javax.servlet.http.HttpServletResponse) throws java.lang.Exception
[13:52:49][INFO ](AbstractHandlerMethodMapping.java:220)-Mapped "{[/member/overlapped.do],methods=[POST],params=[],headers=[],consumes=[],produces=[],custom=[]}" onto public org.springframework.http.ResponseEntity com.bookshop01.member.controller.MemberControllerImpl.overlapped(java.lang.String,javax.servlet.http.HttpServletRequest,javax.servlet.http.HttpServletResponse) throws java.lang.Exception
[13:52:49][INFO ](AbstractHandlerMethodMapping.java:220)-Mapped "{[/member/*.do],methods=[POST || GET],params=[],headers=[],consumes=[],produces=[],custom=[]}" onto protected org.springframework.web.servlet.ModelAndView com.bookshop01.common.base.BaseController.viewForm(javax.servlet.http.HttpServletRequest,javax.servlet.http.HttpServletResponse) throws java.lang.Exception
[13:52:49][INFO ](AbstractHandlerMethodMapping.java:220)-Mapped "{[/mypage/listMyOrderHistory.do],methods=[GET],params=[],headers=[],consumes=[],produces=[],custom=[]}" onto public org.springframework.web.servlet.ModelAndView com.bookshop01.mypage.controller.MyPageControllerImpl.listMyOrderHistory(java.util.Map<java.lang.String, java.lang.String>,javax.servlet.http.HttpServletRequest,javax.servlet.http.HttpServletResponse) throws java.lang.Exception
[13:52:49][INFO ](AbstractHandlerMethodMapping.java:220)-Mapped "{[/mypage/myPageMain.do],methods=[GET],params=[],headers=[],consumes=[],produces=[],custom=[]}" onto public org.springframework.web.servlet.ModelAndView com.bookshop01.mypage.controller.MyPageControllerImpl.myPageMain(java.lang.String,javax.servlet.http.HttpServletRequest,javax.servlet.http.HttpServletResponse) throws java.lang.Exception
[13:52:49][INFO ](AbstractHandlerMethodMapping.java:220)-Mapped "{[/mypage/myOrderDetail.do],methods=[GET],params=[],headers=[],consumes=[],produces=[],custom=[]}" onto public org.springframework.web.servlet.ModelAndView com.bookshop01.mypage.controller.MyPageControllerImpl.myOrderDetail(java.lang.String,javax.servlet.http.HttpServletRequest,javax.servlet.http.HttpServletResponse) throws java.lang.Exception
[13:52:49][INFO ](AbstractHandlerMethodMapping.java:220)-Mapped "{[/mypage/cancelMyOrder.do],methods=[POST],params=[],headers=[],consumes=[],produces=[],custom=[]}" onto public org.springframework.web.servlet.ModelAndView com.bookshop01.mypage.controller.MyPageControllerImpl.cancelMyOrder(java.lang.String,javax.servlet.http.HttpServletRequest,javax.servlet.http.HttpServletResponse) throws java.lang.Exception
[13:52:49][INFO ](AbstractHandlerMethodMapping.java:220)-Mapped "{[/mypage/myDetailInfo.do],methods=[GET],params=[],headers=[],consumes=[],produces=[],custom=[]}" onto public org.springframework.web.servlet.ModelAndView com.bookshop01.mypage.controller.MyPageControllerImpl.myDetailInfo(javax.servlet.http.HttpServletRequest,javax.servlet.http.HttpServletResponse) throws java.lang.Exception
[13:52:49][INFO ](AbstractHandlerMethodMapping.java:220)-Mapped "{[/mypage/modifyMyInfo.do],methods=[POST],params=[],headers=[],consumes=[],produces=[],custom=[]}" onto public org.springframework.http.ResponseEntity com.bookshop01.mypage.controller.MyPageControllerImpl.modifyMyInfo(java.lang.String,java.lang.String,javax.servlet.http.HttpServletRequest,javax.servlet.http.HttpServletResponse) throws java.lang.Exception
[13:52:49][INFO ](AbstractHandlerMethodMapping.java:220)-Mapped "{[/mypage/*.do],methods=[POST || GET],params=[],headers=[],consumes=[],produces=[],custom=[]}" onto protected org.springframework.web.servlet.ModelAndView com.bookshop01.common.base.BaseController.viewForm(javax.servlet.http.HttpServletRequest,javax.servlet.http.HttpServletResponse) throws java.lang.Exception
[13:52:49][INFO ](AbstractHandlerMethodMapping.java:220)-Mapped "{[/order/orderEachGoods.do],methods=[POST],params=[],headers=[],consumes=[],produces=[],custom=[]}" onto public org.springframework.web.servlet.ModelAndView com.bookshop01.order.controller.OrderControllerImpl.orderEachGoods(com.bookshop01.order.vo.OrderVO,javax.servlet.http.HttpServletRequest,javax.servlet.http.HttpServletResponse) throws java.lang.Exception
[13:52:49][INFO ](AbstractHandlerMethodMapping.java:220)-Mapped "{[/order/payToOrderGoods.do],methods=[POST],params=[],headers=[],consumes=[],produces=[],custom=[]}" onto public org.springframework.web.servlet.ModelAndView com.bookshop01.order.controller.OrderControllerImpl.payToOrderGoods(java.util.Map<java.lang.String, java.lang.String>,javax.servlet.http.HttpServletRequest,javax.servlet.http.HttpServletResponse) throws java.lang.Exception
[13:52:49][INFO ](AbstractHandlerMethodMapping.java:220)-Mapped "{[/order/orderAllCartGoods.do],methods=[POST],params=[],headers=[],consumes=[],produces=[],custom=[]}" onto public org.springframework.web.servlet.ModelAndView com.bookshop01.order.controller.OrderControllerImpl.orderAllCartGoods(java.lang.String[],javax.servlet.http.HttpServletRequest,javax.servlet.http.HttpServletResponse) throws java.lang.Exception
[13:52:49][INFO ](AbstractHandlerMethodMapping.java:220)-Mapped "{[/order/*.do],methods=[POST || GET],params=[],headers=[],consumes=[],produces=[],custom=[]}" onto protected org.springframework.web.servlet.ModelAndView com.bookshop01.common.base.BaseController.viewForm(javax.servlet.http.HttpServletRequest,javax.servlet.http.HttpServletResponse) throws java.lang.Exception
[13:52:49][INFO ](RequestMappingHandlerAdapter.java:523)-Looking for @ControllerAdvice: WebApplicationContext for namespace 'appServlet-servlet': startup date [Wed Mar 23 13:52:48 KST 2022]; parent: Root WebApplicationContext
[13:52:50][INFO ](RequestMappingHandlerAdapter.java:523)-Looking for @ControllerAdvice: WebApplicationContext for namespace 'appServlet-servlet': startup date [Wed Mar 23 13:52:48 KST 2022]; parent: Root WebApplicationContext
[13:52:50][INFO ](AbstractUrlHandlerMapping.java:315)-Mapped URL path [/resources/**] onto handler 'org.springframework.web.servlet.resource.ResourceHttpRequestHandler#0'
[13:52:50][DEBUG](Digester.java:2011)-register('-//Apache Software Foundation//DTD Tiles Configuration 2.0//EN', 'jar:file:/C:/Users/hoya9/eclipse-workspace/.metadata/.plugins/org.eclipse.wst.server.core/tmp0/wtpwebapps/bookShop01/WEB-INF/lib/tiles-core-2.2.2.jar!/org/apache/tiles/resources/tiles-config_2_0.dtd'
[13:52:50][DEBUG](Digester.java:2011)-register('-//Apache Software Foundation//DTD Tiles Configuration 2.1//EN', 'jar:file:/C:/Users/hoya9/eclipse-workspace/.metadata/.plugins/org.eclipse.wst.server.core/tmp0/wtpwebapps/bookShop01/WEB-INF/lib/tiles-core-2.2.2.jar!/org/apache/tiles/resources/tiles-config_2_1.dtd'
[13:52:50][INFO ](TilesAccess.java:113)-Publishing TilesContext for context: org.springframework.web.servlet.view.tiles2.SpringWildcardServletTilesApplicationContext
[13:52:50][DEBUG](AbstractAutoProxyCreator.java:503)-Creating implicit proxy for bean 'adminGoodsDAO' with 0 common interceptors and 2 specific interceptors
[13:52:50][DEBUG](JdkDynamicAopProxy.java:117)-Creating JDK dynamic proxy: target source is SingletonTargetSource for target object [com.bookshop01.admin.goods.dao.AdminGoodsDAOImpl@3fc4e667]
[13:52:50][DEBUG](AbstractAutoProxyCreator.java:503)-Creating implicit proxy for bean 'adminMemberDao' with 0 common interceptors and 2 specific interceptors
[13:52:50][DEBUG](JdkDynamicAopProxy.java:117)-Creating JDK dynamic proxy: target source is SingletonTargetSource for target object [com.bookshop01.admin.member.dao.AdminMemberDAOImpl@5765cd21]
[13:52:50][DEBUG](AbstractAutoProxyCreator.java:503)-Creating implicit proxy for bean 'adminOrderDAO' with 0 common interceptors and 2 specific interceptors
[13:52:50][DEBUG](JdkDynamicAopProxy.java:117)-Creating JDK dynamic proxy: target source is SingletonTargetSource for target object [com.bookshop01.admin.order.dao.AdminOrderDAOImpl@7da6e22a]
[13:52:50][DEBUG](AbstractAutoProxyCreator.java:503)-Creating implicit proxy for bean 'cartDAO' with 0 common interceptors and 3 specific interceptors
[13:52:50][DEBUG](JdkDynamicAopProxy.java:117)-Creating JDK dynamic proxy: target source is SingletonTargetSource for target object [com.bookshop01.cart.dao.CartDAOImpl@74974165]
[13:52:50][DEBUG](AbstractAutoProxyCreator.java:503)-Creating implicit proxy for bean 'cartService' with 0 common interceptors and 4 specific interceptors
[13:52:50][DEBUG](JdkDynamicAopProxy.java:117)-Creating JDK dynamic proxy: target source is SingletonTargetSource for target object [com.bookshop01.cart.service.CartServiceImpl@404cc16a]
[13:52:50][DEBUG](AbstractAutoProxyCreator.java:503)-Creating implicit proxy for bean 'goodsDAO' with 0 common interceptors and 3 specific interceptors
[13:52:50][DEBUG](JdkDynamicAopProxy.java:117)-Creating JDK dynamic proxy: target source is SingletonTargetSource for target object [com.bookshop01.goods.dao.GoodsDAOImpl@55fbebba]
[13:52:50][DEBUG](AbstractAutoProxyCreator.java:503)-Creating implicit proxy for bean 'goodsService' with 0 common interceptors and 4 specific interceptors
[13:52:50][DEBUG](JdkDynamicAopProxy.java:117)-Creating JDK dynamic proxy: target source is SingletonTargetSource for target object [com.bookshop01.goods.service.GoodsServiceImpl@72f86029]
[13:52:50][DEBUG](AbstractAutoProxyCreator.java:503)-Creating implicit proxy for bean 'memberDAO' with 0 common interceptors and 3 specific interceptors
[13:52:50][DEBUG](JdkDynamicAopProxy.java:117)-Creating JDK dynamic proxy: target source is SingletonTargetSource for target object [com.bookshop01.member.dao.MemberDAOImpl@1a2d9177]
[13:52:50][DEBUG](AbstractAutoProxyCreator.java:503)-Creating implicit proxy for bean 'memberService' with 0 common interceptors and 4 specific interceptors
[13:52:50][DEBUG](JdkDynamicAopProxy.java:117)-Creating JDK dynamic proxy: target source is SingletonTargetSource for target object [com.bookshop01.member.service.MemberServiceImpl@4f5080ea]
[13:52:50][DEBUG](AbstractAutoProxyCreator.java:503)-Creating implicit proxy for bean 'myPageDAO' with 0 common interceptors and 3 specific interceptors
[13:52:50][DEBUG](JdkDynamicAopProxy.java:117)-Creating JDK dynamic proxy: target source is SingletonTargetSource for target object [com.bookshop01.mypage.dao.MyPageDAOImpl@5824b485]
[13:52:50][DEBUG](AbstractAutoProxyCreator.java:503)-Creating implicit proxy for bean 'myPageService' with 0 common interceptors and 4 specific interceptors
[13:52:50][DEBUG](JdkDynamicAopProxy.java:117)-Creating JDK dynamic proxy: target source is SingletonTargetSource for target object [com.bookshop01.mypage.service.MyPageServiceImpl@6d7c8a2]
[13:52:50][DEBUG](AbstractAutoProxyCreator.java:503)-Creating implicit proxy for bean 'orderDAO' with 0 common interceptors and 3 specific interceptors
[13:52:50][DEBUG](JdkDynamicAopProxy.java:117)-Creating JDK dynamic proxy: target source is SingletonTargetSource for target object [com.bookshop01.order.dao.OrderDAOImpl@45543b88]
[13:52:50][DEBUG](AbstractAutoProxyCreator.java:503)-Creating implicit proxy for bean 'orderService' with 0 common interceptors and 4 specific interceptors
[13:52:50][DEBUG](JdkDynamicAopProxy.java:117)-Creating JDK dynamic proxy: target source is SingletonTargetSource for target object [com.bookshop01.order.service.OrderServiceImpl@7c58c10f]
[13:52:50][DEBUG](JndiTemplate.java:150)-Looking up JNDI object with name [java:comp/env/spring.liveBeansView.mbeanDomain]
[13:52:50][DEBUG](JndiLocatorSupport.java:101)-Converted JNDI name [java:comp/env/spring.liveBeansView.mbeanDomain] not found - trying original name [spring.liveBeansView.mbeanDomain]. javax.naming.NameNotFoundException: Name [spring.liveBeansView.mbeanDomain]은(는) 이 컨텍스트에 바인딩되지 않았습니다. [spring.liveBeansView.mbeanDomain]을(를) 찾을 수 없습니다.
[13:52:50][DEBUG](JndiTemplate.java:150)-Looking up JNDI object with name [spring.liveBeansView.mbeanDomain]
[13:52:50][DEBUG](JndiPropertySource.java:90)-JNDI lookup for name [spring.liveBeansView.mbeanDomain] threw NamingException with message: Name [spring.liveBeansView.mbeanDomain]은(는) 이 컨텍스트에 바인딩되지 않았습니다. [spring.liveBeansView.mbeanDomain]을(를) 찾을 수 없습니다.. Returning null.
[13:52:50][INFO ](FrameworkServlet.java:503)-FrameworkServlet 'appServlet': initialization completed in 2337 ms
[13:52:52][INFO ](LoggingAdvice.java:74)-[]
[13:52:52][INFO ](LoggingAdvice.java:25)--------------------------------------
[13:52:52][INFO ](LoggingAdvice.java:26)--------------------------------------
[13:52:52][INFO ](LoggingAdvice.java:29)-1:[]
[13:52:52][INFO ](LoggingAdvice.java:32)-2:method-execution
[13:52:52][INFO ](LoggingAdvice.java:35)-3:listGoods
[13:52:52][INFO ](LoggingAdvice.java:38)-4:com.bookshop01.goods.service.GoodsServiceImpl@72f86029
[13:52:52][INFO ](LoggingAdvice.java:41)-5:com.bookshop01.goods.service.GoodsServiceImpl@72f86029
[13:52:52][INFO ](LoggingAdvice.java:74)-[bestseller]
[13:52:52][INFO ](LoggingAdvice.java:25)--------------------------------------
[13:52:52][INFO ](LoggingAdvice.java:26)--------------------------------------
[13:52:52][INFO ](LoggingAdvice.java:29)-1:[bestseller]
[13:52:52][INFO ](LoggingAdvice.java:32)-2:method-execution
[13:52:52][INFO ](LoggingAdvice.java:35)-3:selectGoodsList
[13:52:52][INFO ](LoggingAdvice.java:38)-4:com.bookshop01.goods.dao.GoodsDAOImpl@55fbebba
[13:52:52][INFO ](LoggingAdvice.java:41)-5:com.bookshop01.goods.dao.GoodsDAOImpl@55fbebba
[13:52:52][DEBUG](Slf4jImpl.java:43)-Creating a new SqlSession
[13:52:52][DEBUG](Slf4jImpl.java:43)-SqlSession [org.apache.ibatis.session.defaults.DefaultSqlSession@786cd2b] was not registered for synchronization because synchronization is not active
[13:52:52][DEBUG](DataSourceUtils.java:110)-Fetching JDBC Connection from DataSource
[13:52:52][DEBUG](Slf4jImpl.java:43)-Closing non transactional SqlSession [org.apache.ibatis.session.defaults.DefaultSqlSession@786cd2b]
[13:52:52][INFO ](LoggingAdvice.java:48)--------------------------------------
[13:52:52][INFO ](LoggingAdvice.java:49)--------------------------------------
[13:52:52][INFO ](LoggingAdvice.java:52)-1:[]
[13:52:52][INFO ](LoggingAdvice.java:55)-2:method-execution
[13:52:52][INFO ](LoggingAdvice.java:58)-3:listGoods
[13:52:52][INFO ](LoggingAdvice.java:61)-4:com.bookshop01.goods.service.GoodsServiceImpl@72f86029
[13:52:52][INFO ](LoggingAdvice.java:64)-5:com.bookshop01.goods.service.GoodsServiceImpl@72f86029
[13:53:40][INFO ](AbstractApplicationContext.java:862)-Closing WebApplicationContext for namespace 'appServlet-servlet': startup date [Wed Mar 23 13:52:48 KST 2022]; parent: Root WebApplicationContext
[13:53:40][INFO ](TilesAccess.java:108)-Removing TilesContext for context: org.springframework.web.servlet.view.tiles2.SpringWildcardServletTilesApplicationContext
[13:53:40][INFO ](AbstractApplicationContext.java:862)-Closing Root WebApplicationContext: startup date [Wed Mar 23 13:52:46 KST 2022]; root of context hierarchy
